# JRE version: OpenJDK Runtime Environment (11.0.11+9) (build 11.0.11+9-Ubuntu-0ubuntu2.20.04)
# Java VM: OpenJDK 64-Bit Server VM (11.0.11+9-Ubuntu-0ubuntu2.20.04, mixed mode, sharing, tiered, compressed oops, g1 gc, linux-amd64)
Heap:
 garbage-first heap   total 264192K, used 34342K [0x00000000e0000000, 0x0000000100000000)
  region size 1024K, 16 young (16384K), 15 survivors (15360K)
 Metaspace       used 34929K, capacity 36009K, committed 36144K, reserved 286720K
  class space    used 4790K, capacity 5221K, committed 5248K, reserved 253952K
GC Heap History (8 events):
Event: 0.640 GC heap before
{Heap before GC invocations=0 (full 0):
 garbage-first heap   total 264192K, used 30408K [0x00000000e0000000, 0x0000000100000000)
  region size 1024K, 24 young (24576K), 0 survivors (0K)
 Metaspace       used 3915K, capacity 6588K, committed 6784K, reserved 262144K
  class space    used 508K, capacity 772K, committed 896K, reserved 253952K
}
Event: 0.647 GC heap after
{Heap after GC invocations=1 (full 0):
 garbage-first heap   total 264192K, used 8776K [0x00000000e0000000, 0x0000000100000000)
  region size 1024K, 3 young (3072K), 3 survivors (3072K)
 Metaspace       used 3915K, capacity 6588K, committed 6784K, reserved 262144K
  class space    used 508K, capacity 772K, committed 896K, reserved 253952K
}
Event: 6.598 GC heap before
{Heap before GC invocations=1 (full 0):
 garbage-first heap   total 264192K, used 148040K [0x00000000e0000000, 0x0000000100000000)
  region size 1024K, 141 young (144384K), 3 survivors (3072K)
 Metaspace       used 20574K, capacity 21087K, committed 21296K, reserved 272384K
  class space    used 2991K, capacity 3172K, committed 3200K, reserved 253952K
}
Event: 6.608 GC heap after
{Heap after GC invocations=2 (full 0):
 garbage-first heap   total 264192K, used 17984K [0x00000000e0000000, 0x0000000100000000)
  region size 1024K, 12 young (12288K), 12 survivors (12288K)
 Metaspace       used 20574K, capacity 21087K, committed 21296K, reserved 272384K
  class space    used 2991K, capacity 3172K, committed 3200K, reserved 253952K
}
Event: 10.034 GC heap before
{Heap before GC invocations=3 (full 0):
 garbage-first heap   total 264192K, used 119360K [0x00000000e0000000, 0x0000000100000000)
  region size 1024K, 109 young (111616K), 12 survivors (12288K)
 Metaspace       used 32039K, capacity 32915K, committed 33200K, reserved 282624K
  class space    used 4429K, capacity 4769K, committed 4864K, reserved 253952K
}
Event: 10.048 GC heap after
{Heap after GC invocations=4 (full 0):
 garbage-first heap   total 264192K, used 25560K [0x00000000e0000000, 0x0000000100000000)
  region size 1024K, 8 young (8192K), 8 survivors (8192K)
 Metaspace       used 32039K, capacity 32915K, committed 33200K, reserved 282624K
  class space    used 4429K, capacity 4769K, committed 4864K, reserved 253952K
}
Event: 14.858 GC heap before
{Heap before GC invocations=4 (full 0):
 garbage-first heap   total 264192K, used 71640K [0x00000000e0000000, 0x0000000100000000)
  region size 1024K, 53 young (54272K), 8 survivors (8192K)
 Metaspace       used 34722K, capacity 35817K, committed 35888K, reserved 284672K
  class space    used 4783K, capacity 5221K, committed 5248K, reserved 253952K
}
Event: 14.887 GC heap after
{Heap after GC invocations=5 (full 0):
 garbage-first heap   total 264192K, used 34342K [0x00000000e0000000, 0x0000000100000000)
  region size 1024K, 15 young (15360K), 15 survivors (15360K)
 Metaspace       used 34722K, capacity 35817K, committed 35888K, reserved 284672K
  class space    used 4783K, capacity 5221K, committed 5248K, reserved 253952K
}

