# JRE version: OpenJDK Runtime Environment (11.0.11+9) (build 11.0.11+9-Ubuntu-0ubuntu2.20.04)
# Java VM: OpenJDK 64-Bit Server VM (11.0.11+9-Ubuntu-0ubuntu2.20.04, mixed mode, sharing, tiered, compressed oops, g1 gc, linux-amd64)
Heap:
 garbage-first heap   total 264192K, used 161096K [0x00000000e0000000, 0x0000000100000000)
  region size 1024K, 135 young (138240K), 13 survivors (13312K)
 Metaspace       used 48085K, capacity 49503K, committed 49712K, reserved 296960K
  class space    used 6461K, capacity 7034K, committed 7040K, reserved 253952K
GC Heap History (9 events):
Event: 0.332 GC heap before
{Heap before GC invocations=0 (full 0):
 garbage-first heap   total 264192K, used 30408K [0x00000000e0000000, 0x0000000100000000)
  region size 1024K, 24 young (24576K), 0 survivors (0K)
 Metaspace       used 3902K, capacity 6588K, committed 6784K, reserved 262144K
  class space    used 508K, capacity 772K, committed 896K, reserved 253952K
}
Event: 0.340 GC heap after
{Heap after GC invocations=1 (full 0):
 garbage-first heap   total 264192K, used 9374K [0x00000000e0000000, 0x0000000100000000)
  region size 1024K, 3 young (3072K), 3 survivors (3072K)
 Metaspace       used 3902K, capacity 6588K, committed 6784K, reserved 262144K
  class space    used 508K, capacity 772K, committed 896K, reserved 253952K
}
Event: 1.441 GC heap before
{Heap before GC invocations=1 (full 0):
 garbage-first heap   total 264192K, used 149662K [0x00000000e0000000, 0x0000000100000000)
  region size 1024K, 142 young (145408K), 3 survivors (3072K)
 Metaspace       used 20501K, capacity 21023K, committed 21296K, reserved 272384K
  class space    used 2985K, capacity 3172K, committed 3200K, reserved 253952K
}
Event: 1.452 GC heap after
{Heap after GC invocations=2 (full 0):
 garbage-first heap   total 264192K, used 18071K [0x00000000e0000000, 0x0000000100000000)
  region size 1024K, 12 young (12288K), 12 survivors (12288K)
 Metaspace       used 20501K, capacity 21023K, committed 21296K, reserved 272384K
  class space    used 2985K, capacity 3172K, committed 3200K, reserved 253952K
}
Event: 2.995 GC heap before
{Heap before GC invocations=3 (full 0):
 garbage-first heap   total 264192K, used 117399K [0x00000000e0000000, 0x0000000100000000)
  region size 1024K, 107 young (109568K), 12 survivors (12288K)
 Metaspace       used 31807K, capacity 32716K, committed 33200K, reserved 282624K
  class space    used 4407K, capacity 4767K, committed 4864K, reserved 253952K
}
Event: 3.013 GC heap after
{Heap after GC invocations=4 (full 0):
 garbage-first heap   total 264192K, used 26160K [0x00000000e0000000, 0x0000000100000000)
  region size 1024K, 8 young (8192K), 8 survivors (8192K)
 Metaspace       used 31807K, capacity 32716K, committed 33200K, reserved 282624K
  class space    used 4407K, capacity 4767K, committed 4864K, reserved 253952K
}
Event: 3.431 GC heap before
{Heap before GC invocations=4 (full 0):
 garbage-first heap   total 264192K, used 74288K [0x00000000e0000000, 0x0000000100000000)
  region size 1024K, 54 young (55296K), 8 survivors (8192K)
 Metaspace       used 34715K, capacity 35813K, committed 35888K, reserved 284672K
  class space    used 4781K, capacity 5220K, committed 5248K, reserved 253952K
}
Event: 3.445 GC heap after
{Heap after GC invocations=5 (full 0):
 garbage-first heap   total 264192K, used 35144K [0x00000000e0000000, 0x0000000100000000)
  region size 1024K, 15 young (15360K), 15 survivors (15360K)
 Metaspace       used 34715K, capacity 35813K, committed 35888K, reserved 284672K
  class space    used 4781K, capacity 5220K, committed 5248K, reserved 253952K
}
Event: 4.508 GC heap before
{Heap before GC invocations=6 (full 0):
 garbage-first heap   total 264192K, used 160072K [0x00000000e0000000, 0x0000000100000000)
  region size 1024K, 137 young (140288K), 15 survivors (15360K)
 Metaspace       used 48085K, capacity 49503K, committed 49712K, reserved 296960K
  class space    used 6461K, capacity 7034K, committed 7040K, reserved 253952K
}

