# JRE version: OpenJDK Runtime Environment (11.0.11+9) (build 11.0.11+9-Ubuntu-0ubuntu2.20.04)
# Java VM: OpenJDK 64-Bit Server VM (11.0.11+9-Ubuntu-0ubuntu2.20.04, mixed mode, sharing, tiered, compressed oops, g1 gc, linux-amd64)
Heap:
 garbage-first heap   total 264192K, used 116474K [0x00000000e0000000, 0x0000000100000000)
  region size 1024K, 40 young (40960K), 17 survivors (17408K)
 Metaspace       used 71143K, capacity 73937K, committed 74268K, reserved 319488K
  class space    used 9546K, capacity 10580K, committed 10656K, reserved 253952K
GC Heap History (16 events):
Event: 0.364 GC heap before
{Heap before GC invocations=0 (full 0):
 garbage-first heap   total 264192K, used 30408K [0x00000000e0000000, 0x0000000100000000)
  region size 1024K, 24 young (24576K), 0 survivors (0K)
 Metaspace       used 3904K, capacity 6588K, committed 6784K, reserved 262144K
  class space    used 508K, capacity 772K, committed 896K, reserved 253952K
}
Event: 0.371 GC heap after
{Heap after GC invocations=1 (full 0):
 garbage-first heap   total 264192K, used 8782K [0x00000000e0000000, 0x0000000100000000)
  region size 1024K, 3 young (3072K), 3 survivors (3072K)
 Metaspace       used 3904K, capacity 6588K, committed 6784K, reserved 262144K
  class space    used 508K, capacity 772K, committed 896K, reserved 253952K
}
Event: 1.465 GC heap before
{Heap before GC invocations=1 (full 0):
 garbage-first heap   total 264192K, used 148046K [0x00000000e0000000, 0x0000000100000000)
  region size 1024K, 141 young (144384K), 3 survivors (3072K)
 Metaspace       used 20433K, capacity 21007K, committed 21296K, reserved 272384K
  class space    used 2975K, capacity 3172K, committed 3200K, reserved 253952K
}
Event: 1.476 GC heap after
{Heap after GC invocations=2 (full 0):
 garbage-first heap   total 264192K, used 17843K [0x00000000e0000000, 0x0000000100000000)
  region size 1024K, 12 young (12288K), 12 survivors (12288K)
 Metaspace       used 20433K, capacity 21007K, committed 21296K, reserved 272384K
  class space    used 2975K, capacity 3172K, committed 3200K, reserved 253952K
}
Event: 8.363 GC heap before
{Heap before GC invocations=3 (full 0):
 garbage-first heap   total 264192K, used 117171K [0x00000000e0000000, 0x0000000100000000)
  region size 1024K, 107 young (109568K), 12 survivors (12288K)
 Metaspace       used 32018K, capacity 32975K, committed 33200K, reserved 282624K
  class space    used 4401K, capacity 4786K, committed 4864K, reserved 253952K
}
Event: 8.377 GC heap after
{Heap after GC invocations=4 (full 0):
 garbage-first heap   total 264192K, used 25697K [0x00000000e0000000, 0x0000000100000000)
  region size 1024K, 9 young (9216K), 9 survivors (9216K)
 Metaspace       used 32018K, capacity 32975K, committed 33200K, reserved 282624K
  class space    used 4401K, capacity 4786K, committed 4864K, reserved 253952K
}
Event: 8.613 GC heap before
{Heap before GC invocations=4 (full 0):
 garbage-first heap   total 264192K, used 58465K [0x00000000e0000000, 0x0000000100000000)
  region size 1024K, 42 young (43008K), 9 survivors (9216K)
 Metaspace       used 34681K, capacity 35726K, committed 35888K, reserved 284672K
  class space    used 4757K, capacity 5172K, committed 5248K, reserved 253952K
}
Event: 8.621 GC heap after
{Heap after GC invocations=5 (full 0):
 garbage-first heap   total 264192K, used 27127K [0x00000000e0000000, 0x0000000100000000)
  region size 1024K, 10 young (10240K), 10 survivors (10240K)
 Metaspace       used 34681K, capacity 35726K, committed 35888K, reserved 284672K
  class space    used 4757K, capacity 5172K, committed 5248K, reserved 253952K
}
Event: 9.677 GC heap before
{Heap before GC invocations=6 (full 0):
 garbage-first heap   total 264192K, used 172535K [0x00000000e0000000, 0x0000000100000000)
  region size 1024K, 150 young (153600K), 10 survivors (10240K)
 Metaspace       used 48700K, capacity 50288K, committed 50352K, reserved 299008K
  class space    used 6514K, capacity 7123K, committed 7168K, reserved 253952K
}
Event: 9.689 GC heap after
{Heap after GC invocations=7 (full 0):
 garbage-first heap   total 264192K, used 43199K [0x00000000e0000000, 0x0000000100000000)
  region size 1024K, 19 young (19456K), 19 survivors (19456K)
 Metaspace       used 48700K, capacity 50288K, committed 50352K, reserved 299008K
  class space    used 6514K, capacity 7123K, committed 7168K, reserved 253952K
}
Event: 11.453 GC heap before
{Heap before GC invocations=7 (full 0):
 garbage-first heap   total 264192K, used 150719K [0x00000000e0000000, 0x0000000100000000)
  region size 1024K, 125 young (128000K), 19 survivors (19456K)
 Metaspace       used 58223K, capacity 60165K, committed 60240K, reserved 307200K
  class space    used 7833K, capacity 8577K, committed 8608K, reserved 253952K
}
Event: 11.482 GC heap after
{Heap after GC invocations=8 (full 0):
 garbage-first heap   total 264192K, used 53635K [0x00000000e0000000, 0x0000000100000000)
  region size 1024K, 11 young (11264K), 11 survivors (11264K)
 Metaspace       used 58223K, capacity 60165K, committed 60240K, reserved 307200K
  class space    used 7833K, capacity 8577K, committed 8608K, reserved 253952K
}
Event: 16.874 GC heap before
{Heap before GC invocations=9 (full 0):
 garbage-first heap   total 264192K, used 187779K [0x00000000e0000000, 0x0000000100000000)
  region size 1024K, 135 young (138240K), 11 survivors (11264K)
 Metaspace       used 65064K, capacity 67569K, committed 67740K, reserved 313344K
  class space    used 8797K, capacity 9695K, committed 9760K, reserved 253952K
}
Event: 16.890 GC heap after
{Heap after GC invocations=10 (full 0):
 garbage-first heap   total 264192K, used 76106K [0x00000000e0000000, 0x0000000100000000)
  region size 1024K, 17 young (17408K), 17 survivors (17408K)
 Metaspace       used 65064K, capacity 67569K, committed 67740K, reserved 313344K
  class space    used 8797K, capacity 9695K, committed 9760K, reserved 253952K
}
Event: 19.288 GC heap before
{Heap before GC invocations=11 (full 0):
 garbage-first heap   total 264192K, used 193866K [0x00000000e0000000, 0x0000000100000000)
  region size 1024K, 132 young (135168K), 17 survivors (17408K)
 Metaspace       used 69896K, capacity 72503K, committed 72604K, reserved 317440K
  class space    used 9317K, capacity 10253K, committed 10272K, reserved 253952K
}
Event: 19.310 GC heap after
{Heap after GC invocations=12 (full 0):
 garbage-first heap   total 264192K, used 93946K [0x00000000e0000000, 0x0000000100000000)
  region size 1024K, 17 young (17408K), 17 survivors (17408K)
 Metaspace       used 69896K, capacity 72503K, committed 72604K, reserved 317440K
  class space    used 9317K, capacity 10253K, committed 10272K, reserved 253952K
}

