# JRE version: OpenJDK Runtime Environment (11.0.11+9) (build 11.0.11+9-Ubuntu-0ubuntu2.20.04)
# Java VM: OpenJDK 64-Bit Server VM (11.0.11+9-Ubuntu-0ubuntu2.20.04, mixed mode, sharing, tiered, compressed oops, g1 gc, linux-amd64)
Heap:
 garbage-first heap   total 264192K, used 183426K [0x00000000e0000000, 0x0000000100000000)
  region size 1024K, 60 young (61440K), 8 survivors (8192K)
 Metaspace       used 90973K, capacity 94490K, committed 94800K, reserved 337920K
  class space    used 11407K, capacity 12689K, committed 12748K, reserved 253952K
GC Heap History (20 events):
Event: 4965.467 GC heap before
{Heap before GC invocations=48 (full 0):
 garbage-first heap   total 264192K, used 202358K [0x00000000e0000000, 0x0000000100000000)
  region size 1024K, 71 young (72704K), 10 survivors (10240K)
 Metaspace       used 90083K, capacity 93440K, committed 93648K, reserved 335872K
  class space    used 11345K, capacity 12606K, committed 12620K, reserved 253952K
}
Event: 4965.486 GC heap after
{Heap after GC invocations=49 (full 0):
 garbage-first heap   total 264192K, used 143598K [0x00000000e0000000, 0x0000000100000000)
  region size 1024K, 3 young (3072K), 3 survivors (3072K)
 Metaspace       used 90083K, capacity 93440K, committed 93648K, reserved 335872K
  class space    used 11345K, capacity 12606K, committed 12620K, reserved 253952K
}
Event: 4965.529 GC heap before
{Heap before GC invocations=49 (full 0):
 garbage-first heap   total 264192K, used 151790K [0x00000000e0000000, 0x0000000100000000)
  region size 1024K, 12 young (12288K), 3 survivors (3072K)
 Metaspace       used 90083K, capacity 93440K, committed 93648K, reserved 335872K
  class space    used 11345K, capacity 12606K, committed 12620K, reserved 253952K
}
Event: 4965.547 GC heap after
{Heap after GC invocations=50 (full 0):
 garbage-first heap   total 264192K, used 124835K [0x00000000e0000000, 0x0000000100000000)
  region size 1024K, 1 young (1024K), 1 survivors (1024K)
 Metaspace       used 90083K, capacity 93440K, committed 93648K, reserved 335872K
  class space    used 11345K, capacity 12606K, committed 12620K, reserved 253952K
}
Event: 4967.805 GC heap before
{Heap before GC invocations=50 (full 0):
 garbage-first heap   total 264192K, used 197539K [0x00000000e0000000, 0x0000000100000000)
  region size 1024K, 73 young (74752K), 1 survivors (1024K)
 Metaspace       used 90355K, capacity 93728K, committed 94032K, reserved 335872K
  class space    used 11376K, capacity 12633K, committed 12748K, reserved 253952K
}
Event: 4967.811 GC heap after
{Heap after GC invocations=51 (full 0):
 garbage-first heap   total 264192K, used 125458K [0x00000000e0000000, 0x0000000100000000)
  region size 1024K, 2 young (2048K), 2 survivors (2048K)
 Metaspace       used 90355K, capacity 93728K, committed 94032K, reserved 335872K
  class space    used 11376K, capacity 12633K, committed 12748K, reserved 253952K
}
Event: 5001.213 GC heap before
{Heap before GC invocations=52 (full 0):
 garbage-first heap   total 264192K, used 203282K [0x00000000e0000000, 0x0000000100000000)
  region size 1024K, 78 young (79872K), 2 survivors (2048K)
 Metaspace       used 90651K, capacity 94110K, committed 94288K, reserved 335872K
  class space    used 11393K, capacity 12663K, committed 12748K, reserved 253952K
}
Event: 5001.232 GC heap after
{Heap after GC invocations=53 (full 0):
 garbage-first heap   total 264192K, used 140445K [0x00000000e0000000, 0x0000000100000000)
  region size 1024K, 10 young (10240K), 10 survivors (10240K)
 Metaspace       used 90651K, capacity 94110K, committed 94288K, reserved 335872K
  class space    used 11393K, capacity 12663K, committed 12748K, reserved 253952K
}
Event: 5001.240 GC heap before
{Heap before GC invocations=53 (full 0):
 garbage-first heap   total 264192K, used 142493K [0x00000000e0000000, 0x0000000100000000)
  region size 1024K, 12 young (12288K), 10 survivors (10240K)
 Metaspace       used 90651K, capacity 94110K, committed 94288K, reserved 335872K
  class space    used 11393K, capacity 12663K, committed 12748K, reserved 253952K
}
Event: 5001.261 GC heap after
{Heap after GC invocations=54 (full 0):
 garbage-first heap   total 264192K, used 136873K [0x00000000e0000000, 0x0000000100000000)
  region size 1024K, 2 young (2048K), 2 survivors (2048K)
 Metaspace       used 90651K, capacity 94110K, committed 94288K, reserved 335872K
  class space    used 11393K, capacity 12663K, committed 12748K, reserved 253952K
}
Event: 5001.519 GC heap before
{Heap before GC invocations=54 (full 0):
 garbage-first heap   total 264192K, used 205481K [0x00000000e0000000, 0x0000000100000000)
  region size 1024K, 69 young (70656K), 2 survivors (2048K)
 Metaspace       used 90687K, capacity 94140K, committed 94288K, reserved 335872K
  class space    used 11399K, capacity 12673K, committed 12748K, reserved 253952K
}
Event: 5001.535 GC heap after
{Heap after GC invocations=55 (full 0):
 garbage-first heap   total 264192K, used 147457K [0x00000000e0000000, 0x0000000100000000)
  region size 1024K, 9 young (9216K), 9 survivors (9216K)
 Metaspace       used 90687K, capacity 94140K, committed 94288K, reserved 335872K
  class space    used 11399K, capacity 12673K, committed 12748K, reserved 253952K
}
Event: 5001.898 GC heap before
{Heap before GC invocations=56 (full 0):
 garbage-first heap   total 264192K, used 205825K [0x00000000e0000000, 0x0000000100000000)
  region size 1024K, 69 young (70656K), 9 survivors (9216K)
 Metaspace       used 90700K, capacity 94141K, committed 94288K, reserved 335872K
  class space    used 11399K, capacity 12673K, committed 12748K, reserved 253952K
}
Event: 5001.910 GC heap after
{Heap after GC invocations=57 (full 0):
 garbage-first heap   total 264192K, used 147657K [0x00000000e0000000, 0x0000000100000000)
  region size 1024K, 3 young (3072K), 3 survivors (3072K)
 Metaspace       used 90700K, capacity 94141K, committed 94288K, reserved 335872K
  class space    used 11399K, capacity 12673K, committed 12748K, reserved 253952K
}
Event: 5001.949 GC heap before
{Heap before GC invocations=57 (full 0):
 garbage-first heap   total 264192K, used 155849K [0x00000000e0000000, 0x0000000100000000)
  region size 1024K, 12 young (12288K), 3 survivors (3072K)
 Metaspace       used 90700K, capacity 94141K, committed 94288K, reserved 335872K
  class space    used 11399K, capacity 12673K, committed 12748K, reserved 253952K
}
Event: 5001.961 GC heap after
{Heap after GC invocations=58 (full 0):
 garbage-first heap   total 264192K, used 125265K [0x00000000e0000000, 0x0000000100000000)
  region size 1024K, 1 young (1024K), 1 survivors (1024K)
 Metaspace       used 90700K, capacity 94141K, committed 94288K, reserved 335872K
  class space    used 11399K, capacity 12673K, committed 12748K, reserved 253952K
}
Event: 5001.986 GC heap before
{Heap before GC invocations=58 (full 0):
 garbage-first heap   total 264192K, used 135505K [0x00000000e0000000, 0x0000000100000000)
  region size 1024K, 12 young (12288K), 1 survivors (1024K)
 Metaspace       used 90702K, capacity 94141K, committed 94288K, reserved 335872K
  class space    used 11399K, capacity 12673K, committed 12748K, reserved 253952K
}
Event: 5002.009 GC heap after
{Heap after GC invocations=59 (full 0):
 garbage-first heap   total 264192K, used 123863K [0x00000000e0000000, 0x0000000100000000)
  region size 1024K, 1 young (1024K), 1 survivors (1024K)
 Metaspace       used 90702K, capacity 94141K, committed 94288K, reserved 335872K
  class space    used 11399K, capacity 12673K, committed 12748K, reserved 253952K
}
Event: 5012.684 GC heap before
{Heap before GC invocations=59 (full 0):
 garbage-first heap   total 264192K, used 196567K [0x00000000e0000000, 0x0000000100000000)
  region size 1024K, 73 young (74752K), 1 survivors (1024K)
 Metaspace       used 90903K, capacity 94426K, committed 94544K, reserved 335872K
  class space    used 11407K, capacity 12689K, committed 12748K, reserved 253952K
}
Event: 5012.722 GC heap after
{Heap after GC invocations=60 (full 0):
 garbage-first heap   total 264192K, used 131202K [0x00000000e0000000, 0x0000000100000000)
  region size 1024K, 8 young (8192K), 8 survivors (8192K)
 Metaspace       used 90903K, capacity 94426K, committed 94544K, reserved 335872K
  class space    used 11407K, capacity 12689K, committed 12748K, reserved 253952K
}

