# JRE version: OpenJDK Runtime Environment (11.0.11+9) (build 11.0.11+9-Ubuntu-0ubuntu2.20.04)
# Java VM: OpenJDK 64-Bit Server VM (11.0.11+9-Ubuntu-0ubuntu2.20.04, mixed mode, sharing, tiered, compressed oops, g1 gc, linux-amd64)
Heap:
 garbage-first heap   total 264192K, used 59701K [0x00000000e0000000, 0x0000000100000000)
  region size 1024K, 8 young (8192K), 5 survivors (5120K)
 Metaspace       used 58381K, capacity 60505K, committed 60668K, reserved 307200K
  class space    used 7871K, capacity 8680K, committed 8780K, reserved 253952K
GC Heap History (14 events):
Event: 0.333 GC heap before
{Heap before GC invocations=0 (full 0):
 garbage-first heap   total 264192K, used 30408K [0x00000000e0000000, 0x0000000100000000)
  region size 1024K, 24 young (24576K), 0 survivors (0K)
 Metaspace       used 3907K, capacity 6588K, committed 6784K, reserved 262144K
  class space    used 508K, capacity 772K, committed 896K, reserved 253952K
}
Event: 0.340 GC heap after
{Heap after GC invocations=1 (full 0):
 garbage-first heap   total 264192K, used 8813K [0x00000000e0000000, 0x0000000100000000)
  region size 1024K, 3 young (3072K), 3 survivors (3072K)
 Metaspace       used 3907K, capacity 6588K, committed 6784K, reserved 262144K
  class space    used 508K, capacity 772K, committed 896K, reserved 253952K
}
Event: 1.592 GC heap before
{Heap before GC invocations=1 (full 0):
 garbage-first heap   total 264192K, used 148077K [0x00000000e0000000, 0x0000000100000000)
  region size 1024K, 141 young (144384K), 3 survivors (3072K)
 Metaspace       used 20588K, capacity 21087K, committed 21296K, reserved 272384K
  class space    used 2992K, capacity 3172K, committed 3200K, reserved 253952K
}
Event: 1.606 GC heap after
{Heap after GC invocations=2 (full 0):
 garbage-first heap   total 264192K, used 19040K [0x00000000e0000000, 0x0000000100000000)
  region size 1024K, 13 young (13312K), 13 survivors (13312K)
 Metaspace       used 20588K, capacity 21087K, committed 21296K, reserved 272384K
  class space    used 2992K, capacity 3172K, committed 3200K, reserved 253952K
}
Event: 3.180 GC heap before
{Heap before GC invocations=3 (full 0):
 garbage-first heap   total 264192K, used 119392K [0x00000000e0000000, 0x0000000100000000)
  region size 1024K, 109 young (111616K), 13 survivors (13312K)
 Metaspace       used 31874K, capacity 32780K, committed 32892K, reserved 282624K
  class space    used 4415K, capacity 4767K, committed 4812K, reserved 253952K
}
Event: 3.193 GC heap after
{Heap after GC invocations=4 (full 0):
 garbage-first heap   total 264192K, used 26196K [0x00000000e0000000, 0x0000000100000000)
  region size 1024K, 8 young (8192K), 8 survivors (8192K)
 Metaspace       used 31874K, capacity 32780K, committed 32892K, reserved 282624K
  class space    used 4415K, capacity 4767K, committed 4812K, reserved 253952K
}
Event: 3.563 GC heap before
{Heap before GC invocations=4 (full 0):
 garbage-first heap   total 264192K, used 72276K [0x00000000e0000000, 0x0000000100000000)
  region size 1024K, 53 young (54272K), 8 survivors (8192K)
 Metaspace       used 34707K, capacity 35834K, committed 35964K, reserved 284672K
  class space    used 4773K, capacity 5206K, committed 5324K, reserved 253952K
}
Event: 3.574 GC heap after
{Heap after GC invocations=5 (full 0):
 garbage-first heap   total 264192K, used 35148K [0x00000000e0000000, 0x0000000100000000)
  region size 1024K, 15 young (15360K), 15 survivors (15360K)
 Metaspace       used 34707K, capacity 35834K, committed 35964K, reserved 284672K
  class space    used 4773K, capacity 5206K, committed 5324K, reserved 253952K
}
Event: 6.562 GC heap before
{Heap before GC invocations=6 (full 0):
 garbage-first heap   total 264192K, used 144716K [0x00000000e0000000, 0x0000000100000000)
  region size 1024K, 122 young (124928K), 15 survivors (15360K)
 Metaspace       used 47281K, capacity 48705K, committed 48892K, reserved 296960K
  class space    used 6314K, capacity 6895K, committed 6988K, reserved 253952K
}
Event: 6.572 GC heap after
{Heap after GC invocations=7 (full 0):
 garbage-first heap   total 264192K, used 43864K [0x00000000e0000000, 0x0000000100000000)
  region size 1024K, 16 young (16384K), 16 survivors (16384K)
 Metaspace       used 47281K, capacity 48705K, committed 48892K, reserved 296960K
  class space    used 6314K, capacity 6895K, committed 6988K, reserved 253952K
}
Event: 9.379 GC heap before
{Heap before GC invocations=7 (full 0):
 garbage-first heap   total 264192K, used 166744K [0x00000000e0000000, 0x0000000100000000)
  region size 1024K, 136 young (139264K), 16 survivors (16384K)
 Metaspace       used 57846K, capacity 59733K, committed 60028K, reserved 307200K
  class space    used 7815K, capacity 8542K, committed 8652K, reserved 253952K
}
Event: 9.390 GC heap after
{Heap after GC invocations=8 (full 0):
 garbage-first heap   total 264192K, used 52916K [0x00000000e0000000, 0x0000000100000000)
  region size 1024K, 17 young (17408K), 17 survivors (17408K)
 Metaspace       used 57846K, capacity 59733K, committed 60028K, reserved 307200K
  class space    used 7815K, capacity 8542K, committed 8652K, reserved 253952K
}
Event: 9.727 GC heap before
{Heap before GC invocations=8 (full 0):
 garbage-first heap   total 264192K, used 62132K [0x00000000e0000000, 0x0000000100000000)
  region size 1024K, 27 young (27648K), 17 survivors (17408K)
 Metaspace       used 58244K, capacity 60168K, committed 60284K, reserved 307200K
  class space    used 7851K, capacity 8609K, committed 8652K, reserved 253952K
}
Event: 9.746 GC heap after
{Heap after GC invocations=9 (full 0):
 garbage-first heap   total 264192K, used 57653K [0x00000000e0000000, 0x0000000100000000)
  region size 1024K, 5 young (5120K), 5 survivors (5120K)
 Metaspace       used 58244K, capacity 60168K, committed 60284K, reserved 307200K
  class space    used 7851K, capacity 8609K, committed 8652K, reserved 253952K
}

