# JRE version: OpenJDK Runtime Environment (11.0.11+9) (build 11.0.11+9-Ubuntu-0ubuntu2.20.04)
# Java VM: OpenJDK 64-Bit Server VM (11.0.11+9-Ubuntu-0ubuntu2.20.04, mixed mode, sharing, tiered, compressed oops, g1 gc, linux-amd64)
Heap:
 garbage-first heap   total 465920K, used 160276K [0x00000000e0000000, 0x0000000100000000)
  region size 1024K, 13 young (13312K), 2 survivors (2048K)
 Metaspace       used 115121K, capacity 119507K, committed 119676K, reserved 358400K
  class space    used 14311K, capacity 15960K, committed 16076K, reserved 253952K
GC Heap History (20 events):
Event: 135.916 GC heap before
{Heap before GC invocations=132 (full 0):
 garbage-first heap   total 465920K, used 394920K [0x00000000e0000000, 0x0000000100000000)
  region size 1024K, 22 young (22528K), 4 survivors (4096K)
 Metaspace       used 108569K, capacity 112583K, committed 113532K, reserved 352256K
  class space    used 13760K, capacity 15281K, committed 15564K, reserved 253952K
}
Event: 135.928 GC heap after
{Heap after GC invocations=133 (full 0):
 garbage-first heap   total 465920K, used 307011K [0x00000000e0000000, 0x0000000100000000)
  region size 1024K, 3 young (3072K), 3 survivors (3072K)
 Metaspace       used 108569K, capacity 112583K, committed 113532K, reserved 352256K
  class space    used 13760K, capacity 15281K, committed 15564K, reserved 253952K
}
Event: 135.929 GC heap before
{Heap before GC invocations=133 (full 0):
 garbage-first heap   total 465920K, used 307011K [0x00000000e0000000, 0x0000000100000000)
  region size 1024K, 5 young (5120K), 3 survivors (3072K)
 Metaspace       used 108569K, capacity 112583K, committed 113532K, reserved 352256K
  class space    used 13760K, capacity 15281K, committed 15564K, reserved 253952K
}
Event: 135.933 GC heap after
{Heap after GC invocations=134 (full 0):
 garbage-first heap   total 465920K, used 307940K [0x00000000e0000000, 0x0000000100000000)
  region size 1024K, 4 young (4096K), 4 survivors (4096K)
 Metaspace       used 108569K, capacity 112583K, committed 113532K, reserved 352256K
  class space    used 13760K, capacity 15281K, committed 15564K, reserved 253952K
}
Event: 137.336 GC heap before
{Heap before GC invocations=135 (full 0):
 garbage-first heap   total 465920K, used 392932K [0x00000000e0000000, 0x0000000100000000)
  region size 1024K, 47 young (48128K), 4 survivors (4096K)
 Metaspace       used 108619K, capacity 112655K, committed 113532K, reserved 352256K
  class space    used 13763K, capacity 15283K, committed 15564K, reserved 253952K
}
Event: 137.340 GC heap after
{Heap after GC invocations=136 (full 0):
 garbage-first heap   total 465920K, used 329029K [0x00000000e0000000, 0x0000000100000000)
  region size 1024K, 6 young (6144K), 6 survivors (6144K)
 Metaspace       used 108619K, capacity 112655K, committed 113532K, reserved 352256K
  class space    used 13763K, capacity 15283K, committed 15564K, reserved 253952K
}
Event: 137.447 GC heap before
{Heap before GC invocations=136 (full 0):
 garbage-first heap   total 465920K, used 344389K [0x00000000e0000000, 0x0000000100000000)
  region size 1024K, 22 young (22528K), 6 survivors (6144K)
 Metaspace       used 108786K, capacity 112792K, committed 113532K, reserved 352256K
  class space    used 13786K, capacity 15285K, committed 15564K, reserved 253952K
}
Event: 137.450 GC heap after
{Heap after GC invocations=137 (full 0):
 garbage-first heap   total 465920K, used 304615K [0x00000000e0000000, 0x0000000100000000)
  region size 1024K, 2 young (2048K), 2 survivors (2048K)
 Metaspace       used 108786K, capacity 112792K, committed 113532K, reserved 352256K
  class space    used 13786K, capacity 15285K, committed 15564K, reserved 253952K
}
Event: 137.474 GC heap before
{Heap before GC invocations=137 (full 0):
 garbage-first heap   total 465920K, used 304615K [0x00000000e0000000, 0x0000000100000000)
  region size 1024K, 3 young (3072K), 2 survivors (2048K)
 Metaspace       used 108790K, capacity 112792K, committed 113532K, reserved 352256K
  class space    used 13786K, capacity 15285K, committed 15564K, reserved 253952K
}
Event: 137.477 GC heap after
{Heap after GC invocations=138 (full 0):
 garbage-first heap   total 465920K, used 304733K [0x00000000e0000000, 0x0000000100000000)
  region size 1024K, 2 young (2048K), 2 survivors (2048K)
 Metaspace       used 108790K, capacity 112792K, committed 113532K, reserved 352256K
  class space    used 13786K, capacity 15285K, committed 15564K, reserved 253952K
}
Event: 195.128 GC heap before
{Heap before GC invocations=139 (full 0):
 garbage-first heap   total 465920K, used 322141K [0x00000000e0000000, 0x0000000100000000)
  region size 1024K, 52 young (53248K), 2 survivors (2048K)
 Metaspace       used 114113K, capacity 118394K, committed 118908K, reserved 358400K
  class space    used 14231K, capacity 15823K, committed 16076K, reserved 253952K
}
Event: 195.134 GC heap after
{Heap after GC invocations=140 (full 0):
 garbage-first heap   total 465920K, used 273768K [0x00000000e0000000, 0x0000000100000000)
  region size 1024K, 6 young (6144K), 6 survivors (6144K)
 Metaspace       used 114113K, capacity 118394K, committed 118908K, reserved 358400K
  class space    used 14231K, capacity 15823K, committed 16076K, reserved 253952K
}
Event: 195.296 GC heap before
{Heap before GC invocations=140 (full 0):
 garbage-first heap   total 465920K, used 290152K [0x00000000e0000000, 0x0000000100000000)
  region size 1024K, 22 young (22528K), 6 survivors (6144K)
 Metaspace       used 114328K, capacity 118604K, committed 119164K, reserved 358400K
  class space    used 14249K, capacity 15856K, committed 16076K, reserved 253952K
}
Event: 195.305 GC heap after
{Heap after GC invocations=141 (full 0):
 garbage-first heap   total 465920K, used 274073K [0x00000000e0000000, 0x0000000100000000)
  region size 1024K, 3 young (3072K), 3 survivors (3072K)
 Metaspace       used 114328K, capacity 118604K, committed 119164K, reserved 358400K
  class space    used 14249K, capacity 15856K, committed 16076K, reserved 253952K
}
Event: 195.617 GC heap before
{Heap before GC invocations=141 (full 0):
 garbage-first heap   total 465920K, used 343705K [0x00000000e0000000, 0x0000000100000000)
  region size 1024K, 71 young (72704K), 3 survivors (3072K)
 Metaspace       used 114857K, capacity 119272K, committed 119676K, reserved 358400K
  class space    used 14283K, capacity 15919K, committed 16076K, reserved 253952K
}
Event: 195.642 GC heap after
{Heap after GC invocations=142 (full 0):
 garbage-first heap   total 465920K, used 286734K [0x00000000e0000000, 0x0000000100000000)
  region size 1024K, 9 young (9216K), 9 survivors (9216K)
 Metaspace       used 114857K, capacity 119272K, committed 119676K, reserved 358400K
  class space    used 14283K, capacity 15919K, committed 16076K, reserved 253952K
}
Event: 195.882 GC heap before
{Heap before GC invocations=143 (full 0):
 garbage-first heap   total 465920K, used 241678K [0x00000000e0000000, 0x0000000100000000)
  region size 1024K, 75 young (76800K), 9 survivors (9216K)
 Metaspace       used 115033K, capacity 119416K, committed 119676K, reserved 358400K
  class space    used 14302K, capacity 15953K, committed 16076K, reserved 253952K
}
Event: 195.894 GC heap after
{Heap after GC invocations=144 (full 0):
 garbage-first heap   total 465920K, used 185563K [0x00000000e0000000, 0x0000000100000000)
  region size 1024K, 10 young (10240K), 10 survivors (10240K)
 Metaspace       used 115033K, capacity 119416K, committed 119676K, reserved 358400K
  class space    used 14302K, capacity 15953K, committed 16076K, reserved 253952K
}
Event: 195.922 GC heap before
{Heap before GC invocations=144 (full 0):
 garbage-first heap   total 465920K, used 196827K [0x00000000e0000000, 0x0000000100000000)
  region size 1024K, 22 young (22528K), 10 survivors (10240K)
 Metaspace       used 115051K, capacity 119489K, committed 119676K, reserved 358400K
  class space    used 14303K, capacity 15956K, committed 16076K, reserved 253952K
}
Event: 195.950 GC heap after
{Heap after GC invocations=145 (full 0):
 garbage-first heap   total 465920K, used 150036K [0x00000000e0000000, 0x0000000100000000)
  region size 1024K, 2 young (2048K), 2 survivors (2048K)
 Metaspace       used 115051K, capacity 119489K, committed 119676K, reserved 358400K
  class space    used 14303K, capacity 15956K, committed 16076K, reserved 253952K
}

