# JRE version: OpenJDK Runtime Environment (11.0.11+9) (build 11.0.11+9-Ubuntu-0ubuntu2.20.04)
# Java VM: OpenJDK 64-Bit Server VM (11.0.11+9-Ubuntu-0ubuntu2.20.04, mixed mode, sharing, tiered, compressed oops, g1 gc, linux-amd64)
Heap:
 garbage-first heap   total 264192K, used 113191K [0x00000000e0000000, 0x0000000100000000)
  region size 1024K, 43 young (44032K), 13 survivors (13312K)
 Metaspace       used 73389K, capacity 75858K, committed 76072K, reserved 319488K
  class space    used 9838K, capacity 10762K, committed 10828K, reserved 253952K
GC Heap History (18 events):
Event: 0.511 GC heap before
{Heap before GC invocations=0 (full 0):
 garbage-first heap   total 264192K, used 30408K [0x00000000e0000000, 0x0000000100000000)
  region size 1024K, 24 young (24576K), 0 survivors (0K)
 Metaspace       used 3890K, capacity 6588K, committed 6784K, reserved 262144K
  class space    used 508K, capacity 772K, committed 896K, reserved 253952K
}
Event: 0.520 GC heap after
{Heap after GC invocations=1 (full 0):
 garbage-first heap   total 264192K, used 8777K [0x00000000e0000000, 0x0000000100000000)
  region size 1024K, 3 young (3072K), 3 survivors (3072K)
 Metaspace       used 3890K, capacity 6588K, committed 6784K, reserved 262144K
  class space    used 508K, capacity 772K, committed 896K, reserved 253952K
}
Event: 1.802 GC heap before
{Heap before GC invocations=1 (full 0):
 garbage-first heap   total 264192K, used 149065K [0x00000000e0000000, 0x0000000100000000)
  region size 1024K, 142 young (145408K), 3 survivors (3072K)
 Metaspace       used 20539K, capacity 21087K, committed 21296K, reserved 272384K
  class space    used 2989K, capacity 3172K, committed 3200K, reserved 253952K
}
Event: 1.812 GC heap after
{Heap after GC invocations=2 (full 0):
 garbage-first heap   total 264192K, used 18186K [0x00000000e0000000, 0x0000000100000000)
  region size 1024K, 13 young (13312K), 13 survivors (13312K)
 Metaspace       used 20539K, capacity 21087K, committed 21296K, reserved 272384K
  class space    used 2989K, capacity 3172K, committed 3200K, reserved 253952K
}
Event: 3.493 GC heap before
{Heap before GC invocations=3 (full 0):
 garbage-first heap   total 264192K, used 121610K [0x00000000e0000000, 0x0000000100000000)
  region size 1024K, 112 young (114688K), 13 survivors (13312K)
 Metaspace       used 32211K, capacity 33081K, committed 33276K, reserved 282624K
  class space    used 4454K, capacity 4804K, committed 4940K, reserved 253952K
}
Event: 3.507 GC heap after
{Heap after GC invocations=4 (full 0):
 garbage-first heap   total 264192K, used 25900K [0x00000000e0000000, 0x0000000100000000)
  region size 1024K, 8 young (8192K), 8 survivors (8192K)
 Metaspace       used 32211K, capacity 33081K, committed 33276K, reserved 282624K
  class space    used 4454K, capacity 4804K, committed 4940K, reserved 253952K
}
Event: 3.923 GC heap before
{Heap before GC invocations=4 (full 0):
 garbage-first heap   total 264192K, used 70956K [0x00000000e0000000, 0x0000000100000000)
  region size 1024K, 51 young (52224K), 8 survivors (8192K)
 Metaspace       used 34639K, capacity 35826K, committed 35964K, reserved 284672K
  class space    used 4780K, capacity 5224K, committed 5324K, reserved 253952K
}
Event: 3.934 GC heap after
{Heap after GC invocations=5 (full 0):
 garbage-first heap   total 264192K, used 34925K [0x00000000e0000000, 0x0000000100000000)
  region size 1024K, 15 young (15360K), 15 survivors (15360K)
 Metaspace       used 34639K, capacity 35826K, committed 35964K, reserved 284672K
  class space    used 4780K, capacity 5224K, committed 5324K, reserved 253952K
}
Event: 4.837 GC heap before
{Heap before GC invocations=6 (full 0):
 garbage-first heap   total 264192K, used 141421K [0x00000000e0000000, 0x0000000100000000)
  region size 1024K, 119 young (121856K), 15 survivors (15360K)
 Metaspace       used 47274K, capacity 48695K, committed 49052K, reserved 296960K
  class space    used 6322K, capacity 6913K, committed 6988K, reserved 253952K
}
Event: 4.850 GC heap after
{Heap after GC invocations=7 (full 0):
 garbage-first heap   total 264192K, used 42718K [0x00000000e0000000, 0x0000000100000000)
  region size 1024K, 15 young (15360K), 15 survivors (15360K)
 Metaspace       used 47274K, capacity 48695K, committed 49052K, reserved 296960K
  class space    used 6322K, capacity 6913K, committed 6988K, reserved 253952K
}
Event: 7.364 GC heap before
{Heap before GC invocations=7 (full 0):
 garbage-first heap   total 264192K, used 165598K [0x00000000e0000000, 0x0000000100000000)
  region size 1024K, 135 young (138240K), 15 survivors (15360K)
 Metaspace       used 57832K, capacity 59658K, committed 59932K, reserved 307200K
  class space    used 7826K, capacity 8560K, committed 8652K, reserved 253952K
}
Event: 7.382 GC heap after
{Heap after GC invocations=8 (full 0):
 garbage-first heap   total 264192K, used 52254K [0x00000000e0000000, 0x0000000100000000)
  region size 1024K, 17 young (17408K), 17 survivors (17408K)
 Metaspace       used 57832K, capacity 59658K, committed 59932K, reserved 307200K
  class space    used 7826K, capacity 8560K, committed 8652K, reserved 253952K
}
Event: 7.587 GC heap before
{Heap before GC invocations=8 (full 0):
 garbage-first heap   total 264192K, used 65566K [0x00000000e0000000, 0x0000000100000000)
  region size 1024K, 31 young (31744K), 17 survivors (17408K)
 Metaspace       used 58402K, capacity 60427K, committed 60572K, reserved 307200K
  class space    used 7885K, capacity 8697K, committed 8780K, reserved 253952K
}
Event: 7.606 GC heap after
{Heap after GC invocations=9 (full 0):
 garbage-first heap   total 264192K, used 57482K [0x00000000e0000000, 0x0000000100000000)
  region size 1024K, 5 young (5120K), 5 survivors (5120K)
 Metaspace       used 58402K, capacity 60427K, committed 60572K, reserved 307200K
  class space    used 7885K, capacity 8697K, committed 8780K, reserved 253952K
}
Event: 8.259 GC heap before
{Heap before GC invocations=10 (full 0):
 garbage-first heap   total 264192K, used 144522K [0x00000000e0000000, 0x0000000100000000)
  region size 1024K, 90 young (92160K), 5 survivors (5120K)
 Metaspace       used 63270K, capacity 65572K, committed 65832K, reserved 311296K
  class space    used 8595K, capacity 9443K, committed 9548K, reserved 253952K
}
Event: 8.265 GC heap after
{Heap after GC invocations=11 (full 0):
 garbage-first heap   total 264192K, used 63008K [0x00000000e0000000, 0x0000000100000000)
  region size 1024K, 11 young (11264K), 11 survivors (11264K)
 Metaspace       used 63270K, capacity 65572K, committed 65832K, reserved 311296K
  class space    used 8595K, capacity 9443K, committed 9548K, reserved 253952K
}
Event: 11.666 GC heap before
{Heap before GC invocations=11 (full 0):
 garbage-first heap   total 264192K, used 161312K [0x00000000e0000000, 0x0000000100000000)
  region size 1024K, 101 young (103424K), 11 survivors (11264K)
 Metaspace       used 69330K, capacity 71901K, committed 72232K, reserved 317440K
  class space    used 9342K, capacity 10273K, committed 10316K, reserved 253952K
}
Event: 11.687 GC heap after
{Heap after GC invocations=12 (full 0):
 garbage-first heap   total 264192K, used 83495K [0x00000000e0000000, 0x0000000100000000)
  region size 1024K, 13 young (13312K), 13 survivors (13312K)
 Metaspace       used 69330K, capacity 71901K, committed 72232K, reserved 317440K
  class space    used 9342K, capacity 10273K, committed 10316K, reserved 253952K
}

