# JRE version: OpenJDK Runtime Environment (11.0.11+9) (build 11.0.11+9-Ubuntu-0ubuntu2.20.04)
# Java VM: OpenJDK 64-Bit Server VM (11.0.11+9-Ubuntu-0ubuntu2.20.04, mixed mode, sharing, tiered, compressed oops, g1 gc, linux-amd64)
Heap:
 garbage-first heap   total 264192K, used 192850K [0x00000000e0000000, 0x0000000100000000)
  region size 1024K, 58 young (59392K), 8 survivors (8192K)
 Metaspace       used 83938K, capacity 87230K, committed 87384K, reserved 329728K
  class space    used 10631K, capacity 11848K, committed 11904K, reserved 253952K
GC Heap History (20 events):
Event: 1382.898 GC heap before
{Heap before GC invocations=22 (full 0):
 garbage-first heap   total 264192K, used 209344K [0x00000000e0000000, 0x0000000100000000)
  region size 1024K, 82 young (83968K), 8 survivors (8192K)
 Metaspace       used 82753K, capacity 85740K, committed 86616K, reserved 329728K
  class space    used 10501K, capacity 11581K, committed 11904K, reserved 253952K
}
Event: 1382.924 GC heap after
{Heap after GC invocations=23 (full 0):
 garbage-first heap   total 264192K, used 147721K [0x00000000e0000000, 0x0000000100000000)
  region size 1024K, 11 young (11264K), 11 survivors (11264K)
 Metaspace       used 82753K, capacity 85740K, committed 86616K, reserved 329728K
  class space    used 10501K, capacity 11581K, committed 11904K, reserved 253952K
}
Event: 1382.928 GC heap before
{Heap before GC invocations=23 (full 0):
 garbage-first heap   total 264192K, used 147721K [0x00000000e0000000, 0x0000000100000000)
  region size 1024K, 12 young (12288K), 11 survivors (11264K)
 Metaspace       used 82753K, capacity 85740K, committed 86616K, reserved 329728K
  class space    used 10501K, capacity 11581K, committed 11904K, reserved 253952K
}
Event: 1382.950 GC heap after
{Heap after GC invocations=24 (full 0):
 garbage-first heap   total 264192K, used 135530K [0x00000000e0000000, 0x0000000100000000)
  region size 1024K, 2 young (2048K), 2 survivors (2048K)
 Metaspace       used 82753K, capacity 85740K, committed 86616K, reserved 329728K
  class space    used 10501K, capacity 11581K, committed 11904K, reserved 253952K
}
Event: 1383.013 GC heap before
{Heap before GC invocations=24 (full 0):
 garbage-first heap   total 264192K, used 145770K [0x00000000e0000000, 0x0000000100000000)
  region size 1024K, 12 young (12288K), 2 survivors (2048K)
 Metaspace       used 82756K, capacity 85804K, committed 86616K, reserved 329728K
  class space    used 10501K, capacity 11581K, committed 11904K, reserved 253952K
}
Event: 1383.023 GC heap after
{Heap after GC invocations=25 (full 0):
 garbage-first heap   total 264192K, used 137822K [0x00000000e0000000, 0x0000000100000000)
  region size 1024K, 2 young (2048K), 2 survivors (2048K)
 Metaspace       used 82756K, capacity 85804K, committed 86616K, reserved 329728K
  class space    used 10501K, capacity 11581K, committed 11904K, reserved 253952K
}
Event: 1383.433 GC heap before
{Heap before GC invocations=25 (full 0):
 garbage-first heap   total 264192K, used 206430K [0x00000000e0000000, 0x0000000100000000)
  region size 1024K, 70 young (71680K), 2 survivors (2048K)
 Metaspace       used 82970K, capacity 86055K, committed 86616K, reserved 329728K
  class space    used 10535K, capacity 11644K, committed 11904K, reserved 253952K
}
Event: 1383.447 GC heap after
{Heap after GC invocations=26 (full 0):
 garbage-first heap   total 264192K, used 139683K [0x00000000e0000000, 0x0000000100000000)
  region size 1024K, 4 young (4096K), 4 survivors (4096K)
 Metaspace       used 82970K, capacity 86055K, committed 86616K, reserved 329728K
  class space    used 10535K, capacity 11644K, committed 11904K, reserved 253952K
}
Event: 1383.869 GC heap before
{Heap before GC invocations=27 (full 0):
 garbage-first heap   total 264192K, used 203171K [0x00000000e0000000, 0x0000000100000000)
  region size 1024K, 73 young (74752K), 4 survivors (4096K)
 Metaspace       used 83255K, capacity 86371K, committed 86872K, reserved 329728K
  class space    used 10543K, capacity 11659K, committed 11904K, reserved 253952K
}
Event: 1383.894 GC heap after
{Heap after GC invocations=28 (full 0):
 garbage-first heap   total 264192K, used 136473K [0x00000000e0000000, 0x0000000100000000)
  region size 1024K, 7 young (7168K), 7 survivors (7168K)
 Metaspace       used 83255K, capacity 86371K, committed 86872K, reserved 329728K
  class space    used 10543K, capacity 11659K, committed 11904K, reserved 253952K
}
Event: 1383.903 GC heap before
{Heap before GC invocations=28 (full 0):
 garbage-first heap   total 264192K, used 140569K [0x00000000e0000000, 0x0000000100000000)
  region size 1024K, 12 young (12288K), 7 survivors (7168K)
 Metaspace       used 83255K, capacity 86371K, committed 86872K, reserved 329728K
  class space    used 10543K, capacity 11659K, committed 11904K, reserved 253952K
}
Event: 1383.922 GC heap after
{Heap after GC invocations=29 (full 0):
 garbage-first heap   total 264192K, used 118227K [0x00000000e0000000, 0x0000000100000000)
  region size 1024K, 1 young (1024K), 1 survivors (1024K)
 Metaspace       used 83255K, capacity 86371K, committed 86872K, reserved 329728K
  class space    used 10543K, capacity 11659K, committed 11904K, reserved 253952K
}
Event: 1528.748 GC heap before
{Heap before GC invocations=29 (full 0):
 garbage-first heap   total 264192K, used 198099K [0x00000000e0000000, 0x0000000100000000)
  region size 1024K, 80 young (81920K), 1 survivors (1024K)
 Metaspace       used 83687K, capacity 86982K, committed 87128K, reserved 329728K
  class space    used 10624K, capacity 11838K, committed 11904K, reserved 253952K
}
Event: 1528.768 GC heap after
{Heap after GC invocations=30 (full 0):
 garbage-first heap   total 264192K, used 127048K [0x00000000e0000000, 0x0000000100000000)
  region size 1024K, 10 young (10240K), 10 survivors (10240K)
 Metaspace       used 83687K, capacity 86982K, committed 87128K, reserved 329728K
  class space    used 10624K, capacity 11838K, committed 11904K, reserved 253952K
}
Event: 1529.169 GC heap before
{Heap before GC invocations=31 (full 0):
 garbage-first heap   total 264192K, used 203848K [0x00000000e0000000, 0x0000000100000000)
  region size 1024K, 85 young (87040K), 10 survivors (10240K)
 Metaspace       used 83860K, capacity 87085K, committed 87384K, reserved 329728K
  class space    used 10629K, capacity 11845K, committed 11904K, reserved 253952K
}
Event: 1529.193 GC heap after
{Heap after GC invocations=32 (full 0):
 garbage-first heap   total 264192K, used 139976K [0x00000000e0000000, 0x0000000100000000)
  region size 1024K, 11 young (11264K), 11 survivors (11264K)
 Metaspace       used 83860K, capacity 87085K, committed 87384K, reserved 329728K
  class space    used 10629K, capacity 11845K, committed 11904K, reserved 253952K
}
Event: 1529.199 GC heap before
{Heap before GC invocations=32 (full 0):
 garbage-first heap   total 264192K, used 141000K [0x00000000e0000000, 0x0000000100000000)
  region size 1024K, 12 young (12288K), 11 survivors (11264K)
 Metaspace       used 83860K, capacity 87085K, committed 87384K, reserved 329728K
  class space    used 10629K, capacity 11845K, committed 11904K, reserved 253952K
}
Event: 1529.215 GC heap after
{Heap after GC invocations=33 (full 0):
 garbage-first heap   total 264192K, used 137797K [0x00000000e0000000, 0x0000000100000000)
  region size 1024K, 2 young (2048K), 2 survivors (2048K)
 Metaspace       used 83860K, capacity 87085K, committed 87384K, reserved 329728K
  class space    used 10629K, capacity 11845K, committed 11904K, reserved 253952K
}
Event: 1529.487 GC heap before
{Heap before GC invocations=33 (full 0):
 garbage-first heap   total 264192K, used 206405K [0x00000000e0000000, 0x0000000100000000)
  region size 1024K, 70 young (71680K), 2 survivors (2048K)
 Metaspace       used 83914K, capacity 87224K, committed 87384K, reserved 329728K
  class space    used 10630K, capacity 11847K, committed 11904K, reserved 253952K
}
Event: 1529.503 GC heap after
{Heap after GC invocations=34 (full 0):
 garbage-first heap   total 264192K, used 143698K [0x00000000e0000000, 0x0000000100000000)
  region size 1024K, 8 young (8192K), 8 survivors (8192K)
 Metaspace       used 83914K, capacity 87224K, committed 87384K, reserved 329728K
  class space    used 10630K, capacity 11847K, committed 11904K, reserved 253952K
}

